<?xml version="1.0" encoding="UTF-8"?>
<!-- Generated by org.testng.reporters.JUnitReportReporter -->
<testsuite hostname="DESKTOP-ES7IDQB" name="dilip.Excel" tests="1" failures="0" timestamp="10 Apr 2020 10:40:18 GMT" time="0.018" errors="0">
  <testcase name="login" time="0.018" classname="dilip.Excel"/>
</testsuite> <!-- dilip.Excel -->
