<?xml version="1.0" encoding="UTF-8"?>
<!-- Generated by org.testng.reporters.JUnitReportReporter -->
<testsuite hostname="DESKTOP-ES7IDQB" name="Practice1.Excell1" tests="1" failures="0" timestamp="12 Apr 2020 11:07:26 GMT" time="0.017" errors="0">
  <testcase name="login" time="0.017" classname="Practice1.Excell1"/>
</testsuite> <!-- Practice1.Excell1 -->
